<?xml version="1.0" encoding="UTF-8"?>
<coverage generated="1448025853">
  <project timestamp="1448025853">
    <package name="DenDev\Plpadaptability">
      <file name="/home/dendev/public_html/testing/refacto2/vendor/plpadaptability/src/Adaptability.php">
        <class name="Adaptability" namespace="DenDev\Plpadaptability">
          <metrics methods="6" coveredmethods="6" conditionals="0" coveredconditionals="0" statements="26" coveredstatements="26" elements="32" coveredelements="32"/>
        </class>
        <line num="28" type="method" name="__construct" crap="1" count="6"/>
        <line num="30" type="stmt" count="6"/>
        <line num="31" type="stmt" count="6"/>
        <line num="32" type="stmt" count="6"/>
        <line num="41" type="method" name="get_service_metas" crap="4" count="4"/>
        <line num="43" type="stmt" count="4"/>
        <line num="44" type="stmt" count="4"/>
        <line num="45" type="stmt" count="4"/>
        <line num="46" type="stmt" count="4"/>
        <line num="47" type="stmt" count="4"/>
        <line num="49" type="stmt" count="4"/>
        <line num="60" type="method" name="get_config_value" crap="1" count="1"/>
        <line num="62" type="stmt" count="1"/>
        <line num="75" type="method" name="log" crap="1" count="1"/>
        <line num="77" type="stmt" count="1"/>
        <line num="78" type="stmt" count="1"/>
        <line num="94" type="method" name="error" crap="1" count="2"/>
        <line num="96" type="stmt" count="2"/>
        <line num="97" type="stmt" count="2"/>
        <line num="101" type="method" name="_set_kernel" crap="3" count="6"/>
        <line num="104" type="stmt" count="6"/>
        <line num="105" type="stmt" count="6"/>
        <line num="106" type="stmt" count="6"/>
        <line num="107" type="stmt" count="6"/>
        <line num="110" type="stmt" count="6"/>
        <line num="111" type="stmt" count="6"/>
        <line num="112" type="stmt" count="6"/>
        <line num="113" type="stmt" count="6"/>
        <line num="114" type="stmt" count="6"/>
        <line num="115" type="stmt" count="6"/>
        <line num="118" type="stmt" count="6"/>
        <line num="119" type="stmt" count="6"/>
        <metrics loc="120" ncloc="58" classes="1" methods="6" coveredmethods="6" conditionals="0" coveredconditionals="0" statements="26" coveredstatements="26" elements="32" coveredelements="32"/>
      </file>
      <file name="/home/dendev/public_html/testing/refacto2/vendor/plpadaptability/src/NoKernel.php">
        <class name="NoKernel" namespace="DenDev\Plpadaptability">
          <metrics methods="5" coveredmethods="4" conditionals="0" coveredconditionals="0" statements="42" coveredstatements="38" elements="47" coveredelements="42"/>
        </class>
        <line num="20" type="method" name="__construct" crap="1" count="12"/>
        <line num="22" type="stmt" count="12"/>
        <line num="23" type="stmt" count="12"/>
        <line num="35" type="method" name="merge_configs" crap="2" count="8"/>
        <line num="37" type="stmt" count="8"/>
        <line num="38" type="stmt" count="8"/>
        <line num="39" type="stmt" count="8"/>
        <line num="40" type="stmt" count="8"/>
        <line num="43" type="stmt" count="8"/>
        <line num="54" type="method" name="get_config_value" crap="3" count="8"/>
        <line num="56" type="stmt" count="8"/>
        <line num="57" type="stmt" count="8"/>
        <line num="58" type="stmt" count="8"/>
        <line num="59" type="stmt" count="2"/>
        <line num="60" type="stmt" count="2"/>
        <line num="61" type="stmt" count="6"/>
        <line num="62" type="stmt" count="6"/>
        <line num="63" type="stmt" count="6"/>
        <line num="64" type="stmt" count="6"/>
        <line num="66" type="stmt" count="8"/>
        <line num="82" type="method" name="log" crap="7.64" count="6"/>
        <line num="84" type="stmt" count="6"/>
        <line num="86" type="stmt" count="6"/>
        <line num="87" type="stmt" count="6"/>
        <line num="89" type="stmt" count="6"/>
        <line num="90" type="stmt" count="6"/>
        <line num="91" type="stmt" count="0"/>
        <line num="92" type="stmt" count="0"/>
        <line num="94" type="stmt" count="6"/>
        <line num="97" type="stmt" count="6"/>
        <line num="98" type="stmt" count="6"/>
        <line num="99" type="stmt" count="6"/>
        <line num="101" type="stmt" count="0"/>
        <line num="102" type="stmt" count="0"/>
        <line num="105" type="stmt" count="6"/>
        <line num="106" type="stmt" count="6"/>
        <line num="107" type="stmt" count="6"/>
        <line num="109" type="stmt" count="6"/>
        <line num="126" type="method" name="error" crap="4" count="4"/>
        <line num="128" type="stmt" count="4"/>
        <line num="130" type="stmt" count="4"/>
        <line num="132" type="stmt" count="4"/>
        <line num="133" type="stmt" count="4"/>
        <line num="135" type="stmt" count="4"/>
        <line num="139" type="stmt" count="4"/>
        <line num="140" type="stmt" count="2"/>
        <line num="143" type="stmt" count="2"/>
        <metrics loc="145" ncloc="78" classes="1" methods="5" coveredmethods="4" conditionals="0" coveredconditionals="0" statements="42" coveredstatements="38" elements="47" coveredelements="42"/>
      </file>
      <file name="/home/dendev/public_html/testing/refacto2/vendor/plpadaptability/src/Service.php">
        <class name="Service" namespace="DenDev\Plpadaptability">
          <metrics methods="0" coveredmethods="0" conditionals="0" coveredconditionals="0" statements="0" coveredstatements="0" elements="0" coveredelements="0"/>
        </class>
        <metrics loc="20" ncloc="10" classes="1" methods="0" coveredmethods="0" conditionals="0" coveredconditionals="0" statements="0" coveredstatements="0" elements="0" coveredelements="0"/>
      </file>
    </package>
    <file name="/home/dendev/public_html/testing/refacto2/vendor/plpadaptability/src/AdaptabilityInterface.php">
      <metrics loc="18" ncloc="10" classes="0" methods="0" coveredmethods="0" conditionals="0" coveredconditionals="0" statements="0" coveredstatements="0" elements="0" coveredelements="0"/>
    </file>
    <metrics files="4" loc="303" ncloc="156" classes="3" methods="11" coveredmethods="10" conditionals="0" coveredconditionals="0" statements="68" coveredstatements="64" elements="79" coveredelements="74"/>
  </project>
</coverage>
